# JRE version: Java(TM) SE Runtime Environment (18.0.1+10) (build 18.0.1+10-24)
# Java VM: Java HotSpot(TM) 64-Bit Server VM (18.0.1+10-24, mixed mode, emulated-client, sharing, tiered, compressed oops, compressed class ptrs, g1 gc, windows-amd64)
GC Precious Log:
 CardTable entry size: 512
 Card Set container configuration: InlinePtr #cards 5 size 8 Array Of Cards #cards 12 size 40 Howl #buckets 4 coarsen threshold 1843 Howl Bitmap #cards 512 size 80 coarsen threshold 460 Card regions per heap region 1 cards per card region 2048
 CPUs: 4 total, 4 available
 Memory: 3927M
 Large Page Support: Disabled
 NUMA Support: Disabled
 Compressed Oops: Enabled (32-bit)
 Heap Region Size: 1M
 Heap Min Capacity: 8M
 Heap Initial Capacity: 62M
 Heap Max Capacity: 982M
 Pre-touch: Disabled
 Parallel Workers: 4
 Concurrent Workers: 1
 Concurrent Refinement Workers: 4
 Periodic GC: Disabled
Heap:
 garbage-first heap   total 55296K, used 31167K [0x00000000c2a00000, 0x0000000100000000)
  region size 1024K, 7 young (7168K), 2 survivors (2048K)
 Metaspace       used 57874K, committed 58496K, reserved 1114112K
  class space    used 8024K, committed 8320K, reserved 1048576K
GC Heap History (20 events):
Event: 14.498 GC heap before
{Heap before GC invocations=7 (full 0):
 garbage-first heap   total 55296K, used 44032K [0x00000000c2a00000, 0x0000000100000000)
  region size 1024K, 30 young (30720K), 1 survivors (1024K)
 Metaspace       used 25751K, committed 26176K, reserved 1114112K
  class space    used 3515K, committed 3712K, reserved 1048576K
}
Event: 14.508 GC heap after
{Heap after GC invocations=8 (full 0):
 garbage-first heap   total 55296K, used 16986K [0x00000000c2a00000, 0x0000000100000000)
  region size 1024K, 4 young (4096K), 4 survivors (4096K)
 Metaspace       used 25751K, committed 26176K, reserved 1114112K
  class space    used 3515K, committed 3712K, reserved 1048576K
}
Event: 15.716 GC heap before
{Heap before GC invocations=8 (full 0):
 garbage-first heap   total 55296K, used 38490K [0x00000000c2a00000, 0x0000000100000000)
  region size 1024K, 25 young (25600K), 4 survivors (4096K)
 Metaspace       used 28721K, committed 29184K, reserved 1114112K
  class space    used 3897K, committed 4096K, reserved 1048576K
}
Event: 15.726 GC heap after
{Heap after GC invocations=9 (full 0):
 garbage-first heap   total 55296K, used 18667K [0x00000000c2a00000, 0x0000000100000000)
  region size 1024K, 2 young (2048K), 2 survivors (2048K)
 Metaspace       used 28721K, committed 29184K, reserved 1114112K
  class space    used 3897K, committed 4096K, reserved 1048576K
}
Event: 17.740 GC heap before
{Heap before GC invocations=9 (full 0):
 garbage-first heap   total 55296K, used 39147K [0x00000000c2a00000, 0x0000000100000000)
  region size 1024K, 22 young (22528K), 2 survivors (2048K)
 Metaspace       used 34177K, committed 34688K, reserved 1114112K
  class space    used 4695K, committed 4928K, reserved 1048576K
}
Event: 17.746 GC heap after
{Heap after GC invocations=10 (full 0):
 garbage-first heap   total 55296K, used 20251K [0x00000000c2a00000, 0x0000000100000000)
  region size 1024K, 2 young (2048K), 2 survivors (2048K)
 Metaspace       used 34177K, committed 34688K, reserved 1114112K
  class space    used 4695K, committed 4928K, reserved 1048576K
}
Event: 17.985 GC heap before
{Heap before GC invocations=10 (full 0):
 garbage-first heap   total 55296K, used 23323K [0x00000000c2a00000, 0x0000000100000000)
  region size 1024K, 6 young (6144K), 2 survivors (2048K)
 Metaspace       used 35500K, committed 35968K, reserved 1114112K
  class space    used 4843K, committed 5056K, reserved 1048576K
}
Event: 17.990 GC heap after
{Heap after GC invocations=11 (full 0):
 garbage-first heap   total 55296K, used 20691K [0x00000000c2a00000, 0x0000000100000000)
  region size 1024K, 2 young (2048K), 2 survivors (2048K)
 Metaspace       used 35500K, committed 35968K, reserved 1114112K
  class space    used 4843K, committed 5056K, reserved 1048576K
}
Event: 19.367 GC heap before
{Heap before GC invocations=12 (full 0):
 garbage-first heap   total 55296K, used 42195K [0x00000000c2a00000, 0x0000000100000000)
  region size 1024K, 23 young (23552K), 2 survivors (2048K)
 Metaspace       used 41701K, committed 42176K, reserved 1114112K
  class space    used 5627K, committed 5824K, reserved 1048576K
}
Event: 19.373 GC heap after
{Heap after GC invocations=13 (full 0):
 garbage-first heap   total 55296K, used 22033K [0x00000000c2a00000, 0x0000000100000000)
  region size 1024K, 2 young (2048K), 2 survivors (2048K)
 Metaspace       used 41701K, committed 42176K, reserved 1114112K
  class space    used 5627K, committed 5824K, reserved 1048576K
}
Event: 20.540 GC heap before
{Heap before GC invocations=13 (full 0):
 garbage-first heap   total 55296K, used 41489K [0x00000000c2a00000, 0x0000000100000000)
  region size 1024K, 21 young (21504K), 2 survivors (2048K)
 Metaspace       used 46681K, committed 47232K, reserved 1114112K
  class space    used 6385K, committed 6592K, reserved 1048576K
}
Event: 20.546 GC heap after
{Heap after GC invocations=14 (full 0):
 garbage-first heap   total 55296K, used 23225K [0x00000000c2a00000, 0x0000000100000000)
  region size 1024K, 3 young (3072K), 3 survivors (3072K)
 Metaspace       used 46681K, committed 47232K, reserved 1114112K
  class space    used 6385K, committed 6592K, reserved 1048576K
}
Event: 21.774 GC heap before
{Heap before GC invocations=14 (full 0):
 garbage-first heap   total 55296K, used 41657K [0x00000000c2a00000, 0x0000000100000000)
  region size 1024K, 22 young (22528K), 3 survivors (3072K)
 Metaspace       used 51521K, committed 52032K, reserved 1114112K
  class space    used 7155K, committed 7360K, reserved 1048576K
}
Event: 21.780 GC heap after
{Heap after GC invocations=15 (full 0):
 garbage-first heap   total 55296K, used 24032K [0x00000000c2a00000, 0x0000000100000000)
  region size 1024K, 2 young (2048K), 2 survivors (2048K)
 Metaspace       used 51521K, committed 52032K, reserved 1114112K
  class space    used 7155K, committed 7360K, reserved 1048576K
}
Event: 22.895 GC heap before
{Heap before GC invocations=15 (full 0):
 garbage-first heap   total 55296K, used 43488K [0x00000000c2a00000, 0x0000000100000000)
  region size 1024K, 21 young (21504K), 2 survivors (2048K)
 Metaspace       used 54857K, committed 55488K, reserved 1114112K
  class space    used 7610K, committed 7936K, reserved 1048576K
}
Event: 22.903 GC heap after
{Heap after GC invocations=16 (full 0):
 garbage-first heap   total 55296K, used 25374K [0x00000000c2a00000, 0x0000000100000000)
  region size 1024K, 3 young (3072K), 3 survivors (3072K)
 Metaspace       used 54857K, committed 55488K, reserved 1114112K
  class space    used 7610K, committed 7936K, reserved 1048576K
}
Event: 23.642 GC heap before
{Heap before GC invocations=16 (full 0):
 garbage-first heap   total 55296K, used 42782K [0x00000000c2a00000, 0x0000000100000000)
  region size 1024K, 20 young (20480K), 3 survivors (3072K)
 Metaspace       used 56914K, committed 57536K, reserved 1114112K
  class space    used 7901K, committed 8192K, reserved 1048576K
}
Event: 23.649 GC heap after
{Heap after GC invocations=17 (full 0):
 garbage-first heap   total 55296K, used 26498K [0x00000000c2a00000, 0x0000000100000000)
  region size 1024K, 3 young (3072K), 3 survivors (3072K)
 Metaspace       used 56914K, committed 57536K, reserved 1114112K
  class space    used 7901K, committed 8192K, reserved 1048576K
}
Event: 24.049 GC heap before
{Heap before GC invocations=17 (full 0):
 garbage-first heap   total 55296K, used 42882K [0x00000000c2a00000, 0x0000000100000000)
  region size 1024K, 19 young (19456K), 3 survivors (3072K)
 Metaspace       used 57558K, committed 58176K, reserved 1114112K
  class space    used 7978K, committed 8256K, reserved 1048576K
}
Event: 24.059 GC heap after
{Heap after GC invocations=18 (full 0):
 garbage-first heap   total 55296K, used 27071K [0x00000000c2a00000, 0x0000000100000000)
  region size 1024K, 2 young (2048K), 2 survivors (2048K)
 Metaspace       used 57558K, committed 58176K, reserved 1114112K
  class space    used 7978K, committed 8256K, reserved 1048576K
}

